<?xml version="1.0" encoding="UTF-8"?>
<!-- Generated by org.testng.reporters.JUnitXMLReporter -->
<testsuite ignored="4" hostname="LAPTOP-COQFRCSP" failures="0" tests="5" name="Loan" time="0.143" errors="0" timestamp="2023-01-27T23:37:07 IST">
  <testcase classname="test.Bank_Loan" name="crop_Take" time="0.014"/>
  <testcase classname="test.Bank_Loan" name="crop_Bam" time="0.003"/>
  <testcase classname="test.Shiv" name="dem" time="0.003"/>
  <testcase classname="test.Shiv" name="lapyLoan" time="0.002"/>
  <testcase classname="test.Subjects" name="sql" time="0.004"/>
  <testcase classname="test.Bank_Loan" name="crop_Loan" time="0.0">
    <ignored/>
  </testcase> <!-- crop_Loan -->
  <testcase classname="test.Bank_Loan" name="studyLoan" time="0.0">
    <ignored/>
  </testcase> <!-- studyLoan -->
  <testcase classname="test.Shiv" name="mobileLoan" time="0.0">
    <ignored/>
  </testcase> <!-- mobileLoan -->
  <testcase classname="test.Subjects" name="java" time="0.0">
    <ignored/>
  </testcase> <!-- java -->
</testsuite> <!-- Loan -->
