<?xml version="1.0" encoding="UTF-8"?>
<!-- Generated by org.testng.reporters.JUnitXMLReporter -->
<testsuite ignored="1" hostname="LAPTOP-COQFRCSP" failures="0" tests="2" name="Test" time="0.095" errors="0" timestamp="2023-02-24T19:17:21 IST">
  <testcase classname="test.Testt" name="mobileLoginCarLoan" time="0.02"/>
  <testcase classname="test.Testt" name="webloginCarLoan" time="0.002"/>
  <testcase classname="test.Testt" name="loginAPICarLoan" time="0.0">
    <ignored/>
  </testcase> <!-- loginAPICarLoan -->
</testsuite> <!-- Test -->
