<?xml version="1.0" encoding="UTF-8"?>
<testng-results ignored="1" total="3" passed="2" failed="0" skipped="0">
  <reporter-output>
  </reporter-output>
  <suite started-at="2023-02-24T19:17:21 IST" name="Suite" finished-at="2023-02-24T19:17:21 IST" duration-ms="95">
    <groups>
    </groups>
    <test started-at="2023-02-24T19:17:21 IST" name="Test" finished-at="2023-02-24T19:17:21 IST" duration-ms="95">
      <class name="test.Testt">
        <test-method signature="mobileLoginCarLoan()[pri:0, instance:test.Testt@78aab498]" started-at="2023-02-24T19:17:21 IST" name="mobileLoginCarLoan" finished-at="2023-02-24T19:17:21 IST" duration-ms="20" status="PASS">
          <reporter-output>
          </reporter-output>
        </test-method> <!-- mobileLoginCarLoan -->
        <test-method signature="webloginCarLoan()[pri:0, instance:test.Testt@78aab498]" started-at="2023-02-24T19:17:21 IST" name="webloginCarLoan" finished-at="2023-02-24T19:17:21 IST" duration-ms="2" status="PASS">
          <reporter-output>
          </reporter-output>
        </test-method> <!-- webloginCarLoan -->
      </class> <!-- test.Testt -->
    </test> <!-- Test -->
  </suite> <!-- Suite -->
</testng-results>
